# JRE version: OpenJDK Runtime Environment Microsoft-11369865 (17.0.15+6) (build 17.0.15+6-LTS)
# Java VM: OpenJDK 64-Bit Server VM Microsoft-11369865 (17.0.15+6-LTS, mixed mode, sharing, tiered, compressed oops, compressed class ptrs, g1 gc, windows-amd64)
GC Precious Log:
 CPUs: 12 total, 12 available
 Memory: 16016M
 Large Page Support: Disabled
 NUMA Support: Disabled
 Compressed Oops: Enabled (32-bit)
 Heap Region Size: 1M
 Heap Min Capacity: 8M
 Heap Initial Capacity: 252M
 Heap Max Capacity: 2G
 Pre-touch: Disabled
 Parallel Workers: 10
 Concurrent Workers: 3
 Concurrent Refinement Workers: 10
 Periodic GC: Disabled
Heap:
 garbage-first heap   total 106496K, used 78923K [0x0000000080000000, 0x0000000100000000)
  region size 1024K, 24 young (24576K), 4 survivors (4096K)
 Metaspace       used 61903K, committed 62720K, reserved 491520K
  class space    used 8668K, committed 9024K, reserved 425984K
GC Heap History (20 events):
Event: 33.112 GC heap before
{Heap before GC invocations=10 (full 0):
 garbage-first heap   total 89088K, used 67713K [0x0000000080000000, 0x0000000100000000)
  region size 1024K, 33 young (33792K), 4 survivors (4096K)
 Metaspace       used 41307K, committed 41920K, reserved 491520K
  class space    used 5718K, committed 6016K, reserved 425984K
}
Event: 33.120 GC heap after
{Heap after GC invocations=11 (full 0):
 garbage-first heap   total 89088K, used 40772K [0x0000000080000000, 0x0000000100000000)
  region size 1024K, 5 young (5120K), 5 survivors (5120K)
 Metaspace       used 41307K, committed 41920K, reserved 491520K
  class space    used 5718K, committed 6016K, reserved 425984K
}
Event: 34.731 GC heap before
{Heap before GC invocations=11 (full 0):
 garbage-first heap   total 89088K, used 68420K [0x0000000080000000, 0x0000000100000000)
  region size 1024K, 32 young (32768K), 5 survivors (5120K)
 Metaspace       used 44010K, committed 44736K, reserved 491520K
  class space    used 6126K, committed 6464K, reserved 425984K
}
Event: 34.737 GC heap after
{Heap after GC invocations=12 (full 0):
 garbage-first heap   total 89088K, used 42686K [0x0000000080000000, 0x0000000100000000)
  region size 1024K, 3 young (3072K), 3 survivors (3072K)
 Metaspace       used 44010K, committed 44736K, reserved 491520K
  class space    used 6126K, committed 6464K, reserved 425984K
}
Event: 35.554 GC heap before
{Heap before GC invocations=12 (full 0):
 garbage-first heap   total 89088K, used 64190K [0x0000000080000000, 0x0000000100000000)
  region size 1024K, 25 young (25600K), 3 survivors (3072K)
 Metaspace       used 46199K, committed 46912K, reserved 491520K
  class space    used 6433K, committed 6784K, reserved 425984K
}
Event: 35.559 GC heap after
{Heap after GC invocations=13 (full 0):
 garbage-first heap   total 89088K, used 43567K [0x0000000080000000, 0x0000000100000000)
  region size 1024K, 3 young (3072K), 3 survivors (3072K)
 Metaspace       used 46199K, committed 46912K, reserved 491520K
  class space    used 6433K, committed 6784K, reserved 425984K
}
Event: 35.679 GC heap before
{Heap before GC invocations=14 (full 0):
 garbage-first heap   total 89088K, used 47663K [0x0000000080000000, 0x0000000100000000)
  region size 1024K, 6 young (6144K), 3 survivors (3072K)
 Metaspace       used 46488K, committed 47232K, reserved 491520K
  class space    used 6469K, committed 6784K, reserved 425984K
}
Event: 35.684 GC heap after
{Heap after GC invocations=15 (full 0):
 garbage-first heap   total 89088K, used 46119K [0x0000000080000000, 0x0000000100000000)
  region size 1024K, 2 young (2048K), 2 survivors (2048K)
 Metaspace       used 46488K, committed 47232K, reserved 491520K
  class space    used 6469K, committed 6784K, reserved 425984K
}
Event: 36.636 GC heap before
{Heap before GC invocations=16 (full 0):
 garbage-first heap   total 89088K, used 73767K [0x0000000080000000, 0x0000000100000000)
  region size 1024K, 25 young (25600K), 2 survivors (2048K)
 Metaspace       used 49794K, committed 50560K, reserved 491520K
  class space    used 6930K, committed 7296K, reserved 425984K
}
Event: 36.640 GC heap after
{Heap after GC invocations=17 (full 0):
 garbage-first heap   total 89088K, used 52376K [0x0000000080000000, 0x0000000100000000)
  region size 1024K, 4 young (4096K), 4 survivors (4096K)
 Metaspace       used 49794K, committed 50560K, reserved 491520K
  class space    used 6930K, committed 7296K, reserved 425984K
}
Event: 37.490 GC heap before
{Heap before GC invocations=17 (full 0):
 garbage-first heap   total 89088K, used 71832K [0x0000000080000000, 0x0000000100000000)
  region size 1024K, 23 young (23552K), 4 survivors (4096K)
 Metaspace       used 51820K, committed 52480K, reserved 491520K
  class space    used 7246K, committed 7552K, reserved 425984K
}
Event: 37.495 GC heap after
{Heap after GC invocations=18 (full 0):
 garbage-first heap   total 89088K, used 53416K [0x0000000080000000, 0x0000000100000000)
  region size 1024K, 2 young (2048K), 2 survivors (2048K)
 Metaspace       used 51820K, committed 52480K, reserved 491520K
  class space    used 7246K, committed 7552K, reserved 425984K
}
Event: 38.222 GC heap before
{Heap before GC invocations=19 (full 0):
 garbage-first heap   total 97280K, used 72872K [0x0000000080000000, 0x0000000100000000)
  region size 1024K, 21 young (21504K), 2 survivors (2048K)
 Metaspace       used 53802K, committed 54592K, reserved 491520K
  class space    used 7527K, committed 7872K, reserved 425984K
}
Event: 38.234 GC heap after
{Heap after GC invocations=20 (full 0):
 garbage-first heap   total 97280K, used 54414K [0x0000000080000000, 0x0000000100000000)
  region size 1024K, 3 young (3072K), 3 survivors (3072K)
 Metaspace       used 53802K, committed 54592K, reserved 491520K
  class space    used 7527K, committed 7872K, reserved 425984K
}
Event: 39.098 GC heap before
{Heap before GC invocations=20 (full 0):
 garbage-first heap   total 97280K, used 77966K [0x0000000080000000, 0x0000000100000000)
  region size 1024K, 26 young (26624K), 3 survivors (3072K)
 Metaspace       used 56862K, committed 57600K, reserved 491520K
  class space    used 7927K, committed 8256K, reserved 425984K
}
Event: 39.103 GC heap after
{Heap after GC invocations=21 (full 0):
 garbage-first heap   total 97280K, used 55871K [0x0000000080000000, 0x0000000100000000)
  region size 1024K, 3 young (3072K), 3 survivors (3072K)
 Metaspace       used 56862K, committed 57600K, reserved 491520K
  class space    used 7927K, committed 8256K, reserved 425984K
}
Event: 40.122 GC heap before
{Heap before GC invocations=22 (full 0):
 garbage-first heap   total 99328K, used 78399K [0x0000000080000000, 0x0000000100000000)
  region size 1024K, 25 young (25600K), 3 survivors (3072K)
 Metaspace       used 58606K, committed 59392K, reserved 491520K
  class space    used 8129K, committed 8448K, reserved 425984K
}
Event: 40.128 GC heap after
{Heap after GC invocations=23 (full 0):
 garbage-first heap   total 99328K, used 57467K [0x0000000080000000, 0x0000000100000000)
  region size 1024K, 3 young (3072K), 3 survivors (3072K)
 Metaspace       used 58606K, committed 59392K, reserved 491520K
  class space    used 8129K, committed 8448K, reserved 425984K
}
Event: 40.915 GC heap before
{Heap before GC invocations=23 (full 0):
 garbage-first heap   total 99328K, used 81019K [0x0000000080000000, 0x0000000100000000)
  region size 1024K, 26 young (26624K), 3 survivors (3072K)
 Metaspace       used 60468K, committed 61248K, reserved 491520K
  class space    used 8428K, committed 8768K, reserved 425984K
}
Event: 40.922 GC heap after
{Heap after GC invocations=24 (full 0):
 garbage-first heap   total 99328K, used 59467K [0x0000000080000000, 0x0000000100000000)
  region size 1024K, 4 young (4096K), 4 survivors (4096K)
 Metaspace       used 60468K, committed 61248K, reserved 491520K
  class space    used 8428K, committed 8768K, reserved 425984K
}

