# JRE version: OpenJDK Runtime Environment Microsoft-11369865 (17.0.15+6) (build 17.0.15+6-LTS)
# Java VM: OpenJDK 64-Bit Server VM Microsoft-11369865 (17.0.15+6-LTS, mixed mode, sharing, tiered, compressed oops, compressed class ptrs, g1 gc, windows-amd64)
GC Precious Log:
 CPUs: 12 total, 12 available
 Memory: 16016M
 Large Page Support: Disabled
 NUMA Support: Disabled
 Compressed Oops: Enabled (32-bit)
 Heap Region Size: 1M
 Heap Min Capacity: 8M
 Heap Initial Capacity: 252M
 Heap Max Capacity: 2G
 Pre-touch: Disabled
 Parallel Workers: 10
 Concurrent Workers: 3
 Concurrent Refinement Workers: 10
 Periodic GC: Disabled
Heap:
 garbage-first heap   total 325632K, used 220664K [0x0000000080000000, 0x0000000100000000)
  region size 1024K, 114 young (116736K), 9 survivors (9216K)
 Metaspace       used 125280K, committed 126336K, reserved 557056K
  class space    used 16275K, committed 16768K, reserved 425984K
GC Heap History (20 events):
Event: 37.831 GC heap before
{Heap before GC invocations=36 (full 0):
 garbage-first heap   total 159744K, used 131327K [0x0000000080000000, 0x0000000100000000)
  region size 1024K, 47 young (48128K), 1 survivors (1024K)
 Metaspace       used 95712K, committed 96448K, reserved 557056K
  class space    used 12335K, committed 12672K, reserved 425984K
}
Event: 37.838 GC heap after
{Heap after GC invocations=37 (full 0):
 garbage-first heap   total 159744K, used 89202K [0x0000000080000000, 0x0000000100000000)
  region size 1024K, 6 young (6144K), 6 survivors (6144K)
 Metaspace       used 95712K, committed 96448K, reserved 557056K
  class space    used 12335K, committed 12672K, reserved 425984K
}
Event: 39.515 GC heap before
{Heap before GC invocations=38 (full 0):
 garbage-first heap   total 159744K, used 130162K [0x0000000080000000, 0x0000000100000000)
  region size 1024K, 47 young (48128K), 6 survivors (6144K)
 Metaspace       used 100029K, committed 100672K, reserved 557056K
  class space    used 12992K, committed 13312K, reserved 425984K
}
Event: 39.524 GC heap after
{Heap after GC invocations=39 (full 0):
 garbage-first heap   total 159744K, used 92107K [0x0000000080000000, 0x0000000100000000)
  region size 1024K, 3 young (3072K), 3 survivors (3072K)
 Metaspace       used 100029K, committed 100672K, reserved 557056K
  class space    used 12992K, committed 13312K, reserved 425984K
}
Event: 39.690 GC heap before
{Heap before GC invocations=39 (full 0):
 garbage-first heap   total 159744K, used 101323K [0x0000000080000000, 0x0000000100000000)
  region size 1024K, 7 young (7168K), 3 survivors (3072K)
 Metaspace       used 100378K, committed 101120K, reserved 557056K
  class space    used 13032K, committed 13376K, reserved 425984K
}
Event: 39.695 GC heap after
{Heap after GC invocations=40 (full 0):
 garbage-first heap   total 159744K, used 93908K [0x0000000080000000, 0x0000000100000000)
  region size 1024K, 1 young (1024K), 1 survivors (1024K)
 Metaspace       used 100378K, committed 101120K, reserved 557056K
  class space    used 13032K, committed 13376K, reserved 425984K
}
Event: 41.222 GC heap before
{Heap before GC invocations=40 (full 0):
 garbage-first heap   total 159744K, used 132820K [0x0000000080000000, 0x0000000100000000)
  region size 1024K, 39 young (39936K), 1 survivors (1024K)
 Metaspace       used 105301K, committed 105984K, reserved 557056K
  class space    used 13761K, committed 14080K, reserved 425984K
}
Event: 41.228 GC heap after
{Heap after GC invocations=41 (full 0):
 garbage-first heap   total 159744K, used 96697K [0x0000000080000000, 0x0000000100000000)
  region size 1024K, 4 young (4096K), 4 survivors (4096K)
 Metaspace       used 105301K, committed 105984K, reserved 557056K
  class space    used 13761K, committed 14080K, reserved 425984K
}
Event: 42.553 GC heap before
{Heap before GC invocations=42 (full 0):
 garbage-first heap   total 162816K, used 132537K [0x0000000080000000, 0x0000000100000000)
  region size 1024K, 40 young (40960K), 4 survivors (4096K)
 Metaspace       used 107791K, committed 108608K, reserved 557056K
  class space    used 14094K, committed 14464K, reserved 425984K
}
Event: 42.560 GC heap after
{Heap after GC invocations=43 (full 0):
 garbage-first heap   total 162816K, used 99881K [0x0000000080000000, 0x0000000100000000)
  region size 1024K, 5 young (5120K), 5 survivors (5120K)
 Metaspace       used 107791K, committed 108608K, reserved 557056K
  class space    used 14094K, committed 14464K, reserved 425984K
}
Event: 42.585 GC heap before
{Heap before GC invocations=43 (full 0):
 garbage-first heap   total 162816K, used 101929K [0x0000000080000000, 0x0000000100000000)
  region size 1024K, 7 young (7168K), 5 survivors (5120K)
 Metaspace       used 107791K, committed 108608K, reserved 557056K
  class space    used 14094K, committed 14464K, reserved 425984K
}
Event: 42.593 GC heap after
{Heap after GC invocations=44 (full 0):
 garbage-first heap   total 162816K, used 92534K [0x0000000080000000, 0x0000000100000000)
  region size 1024K, 1 young (1024K), 1 survivors (1024K)
 Metaspace       used 107791K, committed 108608K, reserved 557056K
  class space    used 14094K, committed 14464K, reserved 425984K
}
Event: 42.898 GC heap before
{Heap before GC invocations=44 (full 0):
 garbage-first heap   total 162816K, used 132470K [0x0000000080000000, 0x0000000100000000)
  region size 1024K, 40 young (40960K), 1 survivors (1024K)
 Metaspace       used 107852K, committed 108672K, reserved 557056K
  class space    used 14094K, committed 14464K, reserved 425984K
}
Event: 42.907 GC heap after
{Heap after GC invocations=45 (full 0):
 garbage-first heap   total 325632K, used 101376K [0x0000000080000000, 0x0000000100000000)
  region size 1024K, 5 young (5120K), 5 survivors (5120K)
 Metaspace       used 107852K, committed 108672K, reserved 557056K
  class space    used 14094K, committed 14464K, reserved 425984K
}
Event: 45.230 GC heap before
{Heap before GC invocations=46 (full 0):
 garbage-first heap   total 325632K, used 216064K [0x0000000080000000, 0x0000000100000000)
  region size 1024K, 116 young (118784K), 5 survivors (5120K)
 Metaspace       used 110032K, committed 110848K, reserved 557056K
  class space    used 14240K, committed 14592K, reserved 425984K
}
Event: 45.247 GC heap after
{Heap after GC invocations=47 (full 0):
 garbage-first heap   total 325632K, used 113438K [0x0000000080000000, 0x0000000100000000)
  region size 1024K, 15 young (15360K), 15 survivors (15360K)
 Metaspace       used 110032K, committed 110848K, reserved 557056K
  class space    used 14240K, committed 14592K, reserved 425984K
}
Event: 45.260 GC heap before
{Heap before GC invocations=47 (full 0):
 garbage-first heap   total 325632K, used 114462K [0x0000000080000000, 0x0000000100000000)
  region size 1024K, 16 young (16384K), 15 survivors (15360K)
 Metaspace       used 110036K, committed 110848K, reserved 557056K
  class space    used 14240K, committed 14592K, reserved 425984K
}
Event: 45.273 GC heap after
{Heap after GC invocations=48 (full 0):
 garbage-first heap   total 325632K, used 113739K [0x0000000080000000, 0x0000000100000000)
  region size 1024K, 2 young (2048K), 2 survivors (2048K)
 Metaspace       used 110036K, committed 110848K, reserved 557056K
  class space    used 14240K, committed 14592K, reserved 425984K
}
Event: 49.410 GC heap before
{Heap before GC invocations=48 (full 0):
 garbage-first heap   total 325632K, used 226379K [0x0000000080000000, 0x0000000100000000)
  region size 1024K, 113 young (115712K), 2 survivors (2048K)
 Metaspace       used 117455K, committed 118336K, reserved 557056K
  class space    used 15217K, committed 15616K, reserved 425984K
}
Event: 49.424 GC heap after
{Heap after GC invocations=49 (full 0):
 garbage-first heap   total 325632K, used 114168K [0x0000000080000000, 0x0000000100000000)
  region size 1024K, 9 young (9216K), 9 survivors (9216K)
 Metaspace       used 117455K, committed 118336K, reserved 557056K
  class space    used 15217K, committed 15616K, reserved 425984K
}

