# JRE version: OpenJDK Runtime Environment Microsoft-11369865 (17.0.15+6) (build 17.0.15+6-LTS)
# Java VM: OpenJDK 64-Bit Server VM Microsoft-11369865 (17.0.15+6-LTS, mixed mode, tiered, compressed oops, compressed class ptrs, g1 gc, windows-amd64)
GC Precious Log:
 CPUs: 12 total, 12 available
 Memory: 16016M
 Large Page Support: Disabled
 NUMA Support: Disabled
 Compressed Oops: Enabled (Zero based)
 Heap Region Size: 2M
 Heap Min Capacity: 8M
 Heap Initial Capacity: 252M
 Heap Max Capacity: 4006M
 Pre-touch: Disabled
 Parallel Workers: 10
 Concurrent Workers: 3
 Concurrent Refinement Workers: 10
 Periodic GC: Disabled
Heap:
 garbage-first heap   total 245760K, used 95813K [0x0000000705a00000, 0x0000000800000000)
  region size 2048K, 7 young (14336K), 4 survivors (8192K)
 Metaspace       used 85738K, committed 86080K, reserved 1179648K
  class space    used 9046K, committed 9216K, reserved 1048576K
GC Heap History (20 events):
Event: 6.340 GC heap before
{Heap before GC invocations=10 (full 0):
 garbage-first heap   total 122880K, used 100909K [0x0000000705a00000, 0x0000000800000000)
  region size 2048K, 31 young (63488K), 1 survivors (2048K)
 Metaspace       used 39331K, committed 39680K, reserved 1114112K
  class space    used 4749K, committed 4928K, reserved 1048576K
}
Event: 6.384 GC heap after
{Heap after GC invocations=11 (full 0):
 garbage-first heap   total 122880K, used 45613K [0x0000000705a00000, 0x0000000800000000)
  region size 2048K, 4 young (8192K), 4 survivors (8192K)
 Metaspace       used 39331K, committed 39680K, reserved 1114112K
  class space    used 4749K, committed 4928K, reserved 1048576K
}
Event: 6.427 GC heap before
{Heap before GC invocations=11 (full 0):
 garbage-first heap   total 122880K, used 45613K [0x0000000705a00000, 0x0000000800000000)
  region size 2048K, 5 young (10240K), 4 survivors (8192K)
 Metaspace       used 39749K, committed 40064K, reserved 1114112K
  class space    used 4791K, committed 4928K, reserved 1048576K
}
Event: 6.450 GC heap after
{Heap after GC invocations=12 (full 0):
 garbage-first heap   total 122880K, used 47026K [0x0000000705a00000, 0x0000000800000000)
  region size 2048K, 1 young (2048K), 1 survivors (2048K)
 Metaspace       used 39749K, committed 40064K, reserved 1114112K
  class space    used 4791K, committed 4928K, reserved 1048576K
}
Event: 7.873 GC heap before
{Heap before GC invocations=12 (full 0):
 garbage-first heap   total 122880K, used 83890K [0x0000000705a00000, 0x0000000800000000)
  region size 2048K, 19 young (38912K), 1 survivors (2048K)
 Metaspace       used 46757K, committed 47040K, reserved 1114112K
  class space    used 5507K, committed 5632K, reserved 1048576K
}
Event: 7.885 GC heap after
{Heap after GC invocations=13 (full 0):
 garbage-first heap   total 122880K, used 49681K [0x0000000705a00000, 0x0000000800000000)
  region size 2048K, 2 young (4096K), 2 survivors (4096K)
 Metaspace       used 46757K, committed 47040K, reserved 1114112K
  class space    used 5507K, committed 5632K, reserved 1048576K
}
Event: 8.579 GC heap before
{Heap before GC invocations=13 (full 0):
 garbage-first heap   total 122880K, used 86545K [0x0000000705a00000, 0x0000000800000000)
  region size 2048K, 20 young (40960K), 2 survivors (4096K)
 Metaspace       used 48917K, committed 49216K, reserved 1114112K
  class space    used 5744K, committed 5888K, reserved 1048576K
}
Event: 8.599 GC heap after
{Heap after GC invocations=14 (full 0):
 garbage-first heap   total 122880K, used 51998K [0x0000000705a00000, 0x0000000800000000)
  region size 2048K, 2 young (4096K), 2 survivors (4096K)
 Metaspace       used 48917K, committed 49216K, reserved 1114112K
  class space    used 5744K, committed 5888K, reserved 1048576K
}
Event: 9.504 GC heap before
{Heap before GC invocations=14 (full 0):
 garbage-first heap   total 122880K, used 70430K [0x0000000705a00000, 0x0000000800000000)
  region size 2048K, 12 young (24576K), 2 survivors (4096K)
 Metaspace       used 52771K, committed 53056K, reserved 1114112K
  class space    used 6239K, committed 6400K, reserved 1048576K
}
Event: 9.516 GC heap after
{Heap after GC invocations=15 (full 0):
 garbage-first heap   total 122880K, used 53108K [0x0000000705a00000, 0x0000000800000000)
  region size 2048K, 2 young (4096K), 2 survivors (4096K)
 Metaspace       used 52771K, committed 53056K, reserved 1114112K
  class space    used 6239K, committed 6400K, reserved 1048576K
}
Event: 11.751 GC heap before
{Heap before GC invocations=16 (full 0):
 garbage-first heap   total 122880K, used 92020K [0x0000000705a00000, 0x0000000800000000)
  region size 2048K, 21 young (43008K), 2 survivors (4096K)
 Metaspace       used 56622K, committed 56960K, reserved 1114112K
  class space    used 6550K, committed 6720K, reserved 1048576K
}
Event: 11.778 GC heap after
{Heap after GC invocations=17 (full 0):
 garbage-first heap   total 122880K, used 58859K [0x0000000705a00000, 0x0000000800000000)
  region size 2048K, 3 young (6144K), 3 survivors (6144K)
 Metaspace       used 56622K, committed 56960K, reserved 1114112K
  class space    used 6550K, committed 6720K, reserved 1048576K
}
Event: 14.678 GC heap before
{Heap before GC invocations=17 (full 0):
 garbage-first heap   total 122880K, used 93675K [0x0000000705a00000, 0x0000000800000000)
  region size 2048K, 20 young (40960K), 3 survivors (6144K)
 Metaspace       used 59584K, committed 59840K, reserved 1114112K
  class space    used 6837K, committed 6976K, reserved 1048576K
}
Event: 14.714 GC heap after
{Heap after GC invocations=18 (full 0):
 garbage-first heap   total 245760K, used 63058K [0x0000000705a00000, 0x0000000800000000)
  region size 2048K, 2 young (4096K), 2 survivors (4096K)
 Metaspace       used 59584K, committed 59840K, reserved 1114112K
  class space    used 6837K, committed 6976K, reserved 1048576K
}
Event: 22.403 GC heap before
{Heap before GC invocations=18 (full 0):
 garbage-first heap   total 245760K, used 171602K [0x0000000705a00000, 0x0000000800000000)
  region size 2048K, 55 young (112640K), 2 survivors (4096K)
 Metaspace       used 64192K, committed 64576K, reserved 1114112K
  class space    used 7124K, committed 7296K, reserved 1048576K
}
Event: 22.431 GC heap after
{Heap after GC invocations=19 (full 0):
 garbage-first heap   total 245760K, used 73566K [0x0000000705a00000, 0x0000000800000000)
  region size 2048K, 7 young (14336K), 7 survivors (14336K)
 Metaspace       used 64192K, committed 64576K, reserved 1114112K
  class space    used 7124K, committed 7296K, reserved 1048576K
}
Event: 27.495 GC heap before
{Heap before GC invocations=19 (full 0):
 garbage-first heap   total 245760K, used 180062K [0x0000000705a00000, 0x0000000800000000)
  region size 2048K, 58 young (118784K), 7 survivors (14336K)
 Metaspace       used 72429K, committed 72768K, reserved 1114112K
  class space    used 7904K, committed 8064K, reserved 1048576K
}
Event: 27.526 GC heap after
{Heap after GC invocations=20 (full 0):
 garbage-first heap   total 245760K, used 85435K [0x0000000705a00000, 0x0000000800000000)
  region size 2048K, 5 young (10240K), 5 survivors (10240K)
 Metaspace       used 72429K, committed 72768K, reserved 1114112K
  class space    used 7904K, committed 8064K, reserved 1048576K
}
Event: 34.291 GC heap before
{Heap before GC invocations=20 (full 0):
 garbage-first heap   total 245760K, used 185787K [0x0000000705a00000, 0x0000000800000000)
  region size 2048K, 54 young (110592K), 5 survivors (10240K)
 Metaspace       used 85636K, committed 85952K, reserved 1179648K
  class space    used 9046K, committed 9216K, reserved 1048576K
}
Event: 34.314 GC heap after
{Heap after GC invocations=21 (full 0):
 garbage-first heap   total 245760K, used 91717K [0x0000000705a00000, 0x0000000800000000)
  region size 2048K, 4 young (8192K), 4 survivors (8192K)
 Metaspace       used 85636K, committed 85952K, reserved 1179648K
  class space    used 9046K, committed 9216K, reserved 1048576K
}

