# JRE version: OpenJDK Runtime Environment Microsoft-11369865 (17.0.15+6) (build 17.0.15+6-LTS)
# Java VM: OpenJDK 64-Bit Server VM Microsoft-11369865 (17.0.15+6-LTS, mixed mode, sharing, tiered, compressed oops, compressed class ptrs, g1 gc, windows-amd64)
GC Precious Log:
 CPUs: 12 total, 12 available
 Memory: 16016M
 Large Page Support: Disabled
 NUMA Support: Disabled
 Compressed Oops: Enabled (32-bit)
 Heap Region Size: 1M
 Heap Min Capacity: 8M
 Heap Initial Capacity: 252M
 Heap Max Capacity: 2G
 Pre-touch: Disabled
 Parallel Workers: 10
 Concurrent Workers: 3
 Concurrent Refinement Workers: 10
 Periodic GC: Disabled
Heap:
 garbage-first heap   total 104448K, used 67370K [0x0000000080000000, 0x0000000100000000)
  region size 1024K, 2 young (2048K), 2 survivors (2048K)
 Metaspace       used 68696K, committed 69632K, reserved 491520K
  class space    used 9636K, committed 10048K, reserved 425984K
GC Heap History (20 events):
Event: 42.674 GC heap after
{Heap after GC invocations=19 (full 0):
 garbage-first heap   total 96256K, used 54663K [0x0000000080000000, 0x0000000100000000)
  region size 1024K, 3 young (3072K), 3 survivors (3072K)
 Metaspace       used 53740K, committed 54528K, reserved 491520K
  class space    used 7512K, committed 7872K, reserved 425984K
}
Event: 42.707 GC heap before
{Heap before GC invocations=19 (full 0):
 garbage-first heap   total 96256K, used 55687K [0x0000000080000000, 0x0000000100000000)
  region size 1024K, 4 young (4096K), 3 survivors (3072K)
 Metaspace       used 53904K, committed 54656K, reserved 491520K
  class space    used 7529K, committed 7872K, reserved 425984K
}
Event: 42.712 GC heap after
{Heap after GC invocations=20 (full 0):
 garbage-first heap   total 96256K, used 54502K [0x0000000080000000, 0x0000000100000000)
  region size 1024K, 1 young (1024K), 1 survivors (1024K)
 Metaspace       used 53904K, committed 54656K, reserved 491520K
  class space    used 7529K, committed 7872K, reserved 425984K
}
Event: 43.392 GC heap before
{Heap before GC invocations=20 (full 0):
 garbage-first heap   total 96256K, used 78054K [0x0000000080000000, 0x0000000100000000)
  region size 1024K, 24 young (24576K), 1 survivors (1024K)
 Metaspace       used 56947K, committed 57664K, reserved 491520K
  class space    used 7926K, committed 8256K, reserved 425984K
}
Event: 43.395 GC heap after
{Heap after GC invocations=21 (full 0):
 garbage-first heap   total 96256K, used 55500K [0x0000000080000000, 0x0000000100000000)
  region size 1024K, 2 young (2048K), 2 survivors (2048K)
 Metaspace       used 56947K, committed 57664K, reserved 491520K
  class space    used 7926K, committed 8256K, reserved 425984K
}
Event: 46.733 GC heap before
{Heap before GC invocations=22 (full 0):
 garbage-first heap   total 97280K, used 78028K [0x0000000080000000, 0x0000000100000000)
  region size 1024K, 25 young (25600K), 2 survivors (2048K)
 Metaspace       used 58621K, committed 59392K, reserved 491520K
  class space    used 8119K, committed 8448K, reserved 425984K
}
Event: 46.739 GC heap after
{Heap after GC invocations=23 (full 0):
 garbage-first heap   total 97280K, used 57068K [0x0000000080000000, 0x0000000100000000)
  region size 1024K, 3 young (3072K), 3 survivors (3072K)
 Metaspace       used 58621K, committed 59392K, reserved 491520K
  class space    used 8119K, committed 8448K, reserved 425984K
}
Event: 46.784 GC heap before
{Heap before GC invocations=23 (full 0):
 garbage-first heap   total 97280K, used 58092K [0x0000000080000000, 0x0000000100000000)
  region size 1024K, 4 young (4096K), 3 survivors (3072K)
 Metaspace       used 58728K, committed 59520K, reserved 491520K
  class space    used 8136K, committed 8512K, reserved 425984K
}
Event: 46.791 GC heap after
{Heap after GC invocations=24 (full 0):
 garbage-first heap   total 97280K, used 57045K [0x0000000080000000, 0x0000000100000000)
  region size 1024K, 1 young (1024K), 1 survivors (1024K)
 Metaspace       used 58728K, committed 59520K, reserved 491520K
  class space    used 8136K, committed 8512K, reserved 425984K
}
Event: 47.382 GC heap before
{Heap before GC invocations=24 (full 0):
 garbage-first heap   total 97280K, used 79573K [0x0000000080000000, 0x0000000100000000)
  region size 1024K, 23 young (23552K), 1 survivors (1024K)
 Metaspace       used 60414K, committed 61248K, reserved 491520K
  class space    used 8407K, committed 8832K, reserved 425984K
}
Event: 47.386 GC heap after
{Heap after GC invocations=25 (full 0):
 garbage-first heap   total 97280K, used 58703K [0x0000000080000000, 0x0000000100000000)
  region size 1024K, 3 young (3072K), 3 survivors (3072K)
 Metaspace       used 60414K, committed 61248K, reserved 491520K
  class space    used 8407K, committed 8832K, reserved 425984K
}
Event: 48.142 GC heap before
{Heap before GC invocations=26 (full 0):
 garbage-first heap   total 104448K, used 79183K [0x0000000080000000, 0x0000000100000000)
  region size 1024K, 23 young (23552K), 3 survivors (3072K)
 Metaspace       used 61865K, committed 62784K, reserved 491520K
  class space    used 8646K, committed 9088K, reserved 425984K
}
Event: 48.147 GC heap after
{Heap after GC invocations=27 (full 0):
 garbage-first heap   total 104448K, used 60085K [0x0000000080000000, 0x0000000100000000)
  region size 1024K, 2 young (2048K), 2 survivors (2048K)
 Metaspace       used 61865K, committed 62784K, reserved 491520K
  class space    used 8646K, committed 9088K, reserved 425984K
}
Event: 48.398 GC heap before
{Heap before GC invocations=27 (full 0):
 garbage-first heap   total 104448K, used 63157K [0x0000000080000000, 0x0000000100000000)
  region size 1024K, 5 young (5120K), 2 survivors (2048K)
 Metaspace       used 61904K, committed 62784K, reserved 491520K
  class space    used 8646K, committed 9088K, reserved 425984K
}
Event: 48.402 GC heap after
{Heap after GC invocations=28 (full 0):
 garbage-first heap   total 104448K, used 59784K [0x0000000080000000, 0x0000000100000000)
  region size 1024K, 1 young (1024K), 1 survivors (1024K)
 Metaspace       used 61904K, committed 62784K, reserved 491520K
  class space    used 8646K, committed 9088K, reserved 425984K
}
Event: 49.638 GC heap before
{Heap before GC invocations=28 (full 0):
 garbage-first heap   total 104448K, used 85384K [0x0000000080000000, 0x0000000100000000)
  region size 1024K, 26 young (26624K), 1 survivors (1024K)
 Metaspace       used 63595K, committed 64512K, reserved 491520K
  class space    used 8902K, committed 9344K, reserved 425984K
}
Event: 49.644 GC heap after
{Heap after GC invocations=29 (full 0):
 garbage-first heap   total 104448K, used 62621K [0x0000000080000000, 0x0000000100000000)
  region size 1024K, 4 young (4096K), 4 survivors (4096K)
 Metaspace       used 63595K, committed 64512K, reserved 491520K
  class space    used 8902K, committed 9344K, reserved 425984K
}
Event: 50.408 GC heap before
{Heap before GC invocations=29 (full 0):
 garbage-first heap   total 104448K, used 85149K [0x0000000080000000, 0x0000000100000000)
  region size 1024K, 26 young (26624K), 4 survivors (4096K)
 Metaspace       used 65671K, committed 66560K, reserved 491520K
  class space    used 9169K, committed 9600K, reserved 425984K
}
Event: 50.417 GC heap after
{Heap after GC invocations=30 (full 0):
 garbage-first heap   total 104448K, used 65482K [0x0000000080000000, 0x0000000100000000)
  region size 1024K, 3 young (3072K), 3 survivors (3072K)
 Metaspace       used 65671K, committed 66560K, reserved 491520K
  class space    used 9169K, committed 9600K, reserved 425984K
}
Event: 53.268 GC heap before
{Heap before GC invocations=30 (full 0):
 garbage-first heap   total 104448K, used 84938K [0x0000000080000000, 0x0000000100000000)
  region size 1024K, 23 young (23552K), 3 survivors (3072K)
 Metaspace       used 68696K, committed 69632K, reserved 491520K
  class space    used 9636K, committed 10048K, reserved 425984K
}

