# JRE version: OpenJDK Runtime Environment Microsoft-11369865 (17.0.15+6) (build 17.0.15+6-LTS)
# Java VM: OpenJDK 64-Bit Server VM Microsoft-11369865 (17.0.15+6-LTS, mixed mode, sharing, tiered, compressed oops, compressed class ptrs, g1 gc, windows-amd64)
GC Precious Log:
 CPUs: 12 total, 12 available
 Memory: 16016M
 Large Page Support: Disabled
 NUMA Support: Disabled
 Compressed Oops: Enabled (32-bit)
 Heap Region Size: 1M
 Heap Min Capacity: 8M
 Heap Initial Capacity: 252M
 Heap Max Capacity: 2G
 Pre-touch: Disabled
 Parallel Workers: 10
 Concurrent Workers: 3
 Concurrent Refinement Workers: 10
 Periodic GC: Disabled
Heap:
 garbage-first heap   total 98304K, used 61390K [0x0000000080000000, 0x0000000100000000)
  region size 1024K, 11 young (11264K), 4 survivors (4096K)
 Metaspace       used 59184K, committed 59904K, reserved 491520K
  class space    used 8309K, committed 8640K, reserved 425984K
GC Heap History (20 events):
Event: 25.611 GC heap before
{Heap before GC invocations=10 (full 0):
 garbage-first heap   total 81920K, used 62701K [0x0000000080000000, 0x0000000100000000)
  region size 1024K, 31 young (31744K), 3 survivors (3072K)
 Metaspace       used 38856K, committed 39424K, reserved 491520K
  class space    used 5404K, committed 5632K, reserved 425984K
}
Event: 25.617 GC heap after
{Heap after GC invocations=11 (full 0):
 garbage-first heap   total 81920K, used 36455K [0x0000000080000000, 0x0000000100000000)
  region size 1024K, 3 young (3072K), 3 survivors (3072K)
 Metaspace       used 38856K, committed 39424K, reserved 491520K
  class space    used 5404K, committed 5632K, reserved 425984K
}
Event: 26.621 GC heap before
{Heap before GC invocations=11 (full 0):
 garbage-first heap   total 81920K, used 63079K [0x0000000080000000, 0x0000000100000000)
  region size 1024K, 30 young (30720K), 3 survivors (3072K)
 Metaspace       used 42326K, committed 42880K, reserved 491520K
  class space    used 5914K, committed 6144K, reserved 425984K
}
Event: 26.629 GC heap after
{Heap after GC invocations=12 (full 0):
 garbage-first heap   total 81920K, used 37827K [0x0000000080000000, 0x0000000100000000)
  region size 1024K, 2 young (2048K), 2 survivors (2048K)
 Metaspace       used 42326K, committed 42880K, reserved 491520K
  class space    used 5914K, committed 6144K, reserved 425984K
}
Event: 27.145 GC heap before
{Heap before GC invocations=12 (full 0):
 garbage-first heap   total 81920K, used 50115K [0x0000000080000000, 0x0000000100000000)
  region size 1024K, 15 young (15360K), 2 survivors (2048K)
 Metaspace       used 43203K, committed 43776K, reserved 491520K
  class space    used 6053K, committed 6336K, reserved 425984K
}
Event: 27.150 GC heap after
{Heap after GC invocations=13 (full 0):
 garbage-first heap   total 81920K, used 38498K [0x0000000080000000, 0x0000000100000000)
  region size 1024K, 3 young (3072K), 3 survivors (3072K)
 Metaspace       used 43203K, committed 43776K, reserved 491520K
  class space    used 6053K, committed 6336K, reserved 425984K
}
Event: 27.275 GC heap before
{Heap before GC invocations=14 (full 0):
 garbage-first heap   total 81920K, used 42594K [0x0000000080000000, 0x0000000100000000)
  region size 1024K, 6 young (6144K), 3 survivors (3072K)
 Metaspace       used 43536K, committed 44096K, reserved 491520K
  class space    used 6093K, committed 6336K, reserved 425984K
}
Event: 27.279 GC heap after
{Heap after GC invocations=15 (full 0):
 garbage-first heap   total 81920K, used 41047K [0x0000000080000000, 0x0000000100000000)
  region size 1024K, 2 young (2048K), 2 survivors (2048K)
 Metaspace       used 43536K, committed 44096K, reserved 491520K
  class space    used 6093K, committed 6336K, reserved 425984K
}
Event: 28.020 GC heap before
{Heap before GC invocations=16 (full 0):
 garbage-first heap   total 81920K, used 67671K [0x0000000080000000, 0x0000000100000000)
  region size 1024K, 24 young (24576K), 2 survivors (2048K)
 Metaspace       used 46891K, committed 47488K, reserved 491520K
  class space    used 6556K, committed 6848K, reserved 425984K
}
Event: 28.025 GC heap after
{Heap after GC invocations=17 (full 0):
 garbage-first heap   total 81920K, used 47275K [0x0000000080000000, 0x0000000100000000)
  region size 1024K, 3 young (3072K), 3 survivors (3072K)
 Metaspace       used 46891K, committed 47488K, reserved 491520K
  class space    used 6556K, committed 6848K, reserved 425984K
}
Event: 28.717 GC heap before
{Heap before GC invocations=17 (full 0):
 garbage-first heap   total 81920K, used 66731K [0x0000000080000000, 0x0000000100000000)
  region size 1024K, 22 young (22528K), 3 survivors (3072K)
 Metaspace       used 48971K, committed 49664K, reserved 491520K
  class space    used 6882K, committed 7232K, reserved 425984K
}
Event: 28.723 GC heap after
{Heap after GC invocations=18 (full 0):
 garbage-first heap   total 98304K, used 48102K [0x0000000080000000, 0x0000000100000000)
  region size 1024K, 1 young (1024K), 1 survivors (1024K)
 Metaspace       used 48971K, committed 49664K, reserved 491520K
  class space    used 6882K, committed 7232K, reserved 425984K
}
Event: 30.097 GC heap before
{Heap before GC invocations=19 (full 0):
 garbage-first heap   total 98304K, used 75750K [0x0000000080000000, 0x0000000100000000)
  region size 1024K, 28 young (28672K), 1 survivors (1024K)
 Metaspace       used 51956K, committed 52608K, reserved 491520K
  class space    used 7310K, committed 7616K, reserved 425984K
}
Event: 30.102 GC heap after
{Heap after GC invocations=20 (full 0):
 garbage-first heap   total 98304K, used 49593K [0x0000000080000000, 0x0000000100000000)
  region size 1024K, 3 young (3072K), 3 survivors (3072K)
 Metaspace       used 51956K, committed 52608K, reserved 491520K
  class space    used 7310K, committed 7616K, reserved 425984K
}
Event: 31.652 GC heap before
{Heap before GC invocations=20 (full 0):
 garbage-first heap   total 98304K, used 76217K [0x0000000080000000, 0x0000000100000000)
  region size 1024K, 29 young (29696K), 3 survivors (3072K)
 Metaspace       used 55154K, committed 55808K, reserved 491520K
  class space    used 7697K, committed 8000K, reserved 425984K
}
Event: 31.661 GC heap after
{Heap after GC invocations=21 (full 0):
 garbage-first heap   total 98304K, used 51858K [0x0000000080000000, 0x0000000100000000)
  region size 1024K, 4 young (4096K), 4 survivors (4096K)
 Metaspace       used 55154K, committed 55808K, reserved 491520K
  class space    used 7697K, committed 8000K, reserved 425984K
}
Event: 32.748 GC heap before
{Heap before GC invocations=22 (full 0):
 garbage-first heap   total 98304K, used 76434K [0x0000000080000000, 0x0000000100000000)
  region size 1024K, 29 young (29696K), 4 survivors (4096K)
 Metaspace       used 57234K, committed 57920K, reserved 491520K
  class space    used 7993K, committed 8320K, reserved 425984K
}
Event: 32.755 GC heap after
{Heap after GC invocations=23 (full 0):
 garbage-first heap   total 98304K, used 53242K [0x0000000080000000, 0x0000000100000000)
  region size 1024K, 2 young (2048K), 2 survivors (2048K)
 Metaspace       used 57234K, committed 57920K, reserved 491520K
  class space    used 7993K, committed 8320K, reserved 425984K
}
Event: 33.607 GC heap before
{Heap before GC invocations=23 (full 0):
 garbage-first heap   total 98304K, used 78842K [0x0000000080000000, 0x0000000100000000)
  region size 1024K, 27 young (27648K), 2 survivors (2048K)
 Metaspace       used 58803K, committed 59520K, reserved 491520K
  class space    used 8258K, committed 8576K, reserved 425984K
}
Event: 33.617 GC heap after
{Heap after GC invocations=24 (full 0):
 garbage-first heap   total 98304K, used 55246K [0x0000000080000000, 0x0000000100000000)
  region size 1024K, 4 young (4096K), 4 survivors (4096K)
 Metaspace       used 58803K, committed 59520K, reserved 491520K
  class space    used 8258K, committed 8576K, reserved 425984K
}

